<?xml version="1.0" encoding="UTF-8"?>
<!DOCTYPE hibernate-configuration PUBLIC
    "-//Hibernate/Hibernate Configuration DTD 3.0//EN"
    "http://hibernate.sourceforge.net/hibernate-configuration-3.0.dtd">
<hibernate-configuration>

  <session-factory name="oracle-customer-test-config">
    <property name="connection.driver_class">oracle.jdbc.driver.OracleDriver</property>
    <property name="connection.password">formfill</property>
    <property name="connection.url">jdbc:oracle:thin:@localhost:1521:UTPC02</property>
    <property name="connection.username">CUSTOMER_TEST</property>
    <property name="hibernate.dialect">org.hibernate.dialect.Oracle10gDialect</property>
    <property name="current_session_context_class">
      thread
    </property>
    <property name="hibernate.show_sql">
      true
    </property>

    <!--
    <property name="javax.persistence.validation.group.pre-persist">javax.validation.groups.Default</property>
    <property name="javax.persistence.validation.group.pre-update">javax.validation.groups.Default</property>
    <property name="javax.persistence.validation.group.pre-remove"></property>

    <event type="pre-update">
       <listener class="org.hibernate.cfg.beanvalidation.BeanValidationEventListener"/>
    </event>
    <event type="pre-insert">
        <listener class="org.hibernate.cfg.beanvalidation.BeanValidationEventListener"/>
    </event>
    <event type="pre-delete">
        <listener class="org.hibernate.cfg.beanvalidation.BeanValidationEventListener"/>
    </event>
    -->

    <mapping class="uk.co.utilisoft.parms.domain.ConfigurationParameter"/>
    <mapping class="uk.co.utilisoft.parms.domain.DpiFile"/>
    <mapping class="uk.co.utilisoft.parms.domain.DpiFileData"/>
    <mapping class="uk.co.utilisoft.parms.domain.DataCollector"/>
    <mapping class="uk.co.utilisoft.parms.domain.MOP"/>
    <mapping class="uk.co.utilisoft.parms.domain.GridSupplyPoint"/>
    <mapping class="uk.co.utilisoft.parms.domain.P0028Active"/>
    <mapping class="uk.co.utilisoft.parms.domain.P0028Data"/>
    <mapping class="uk.co.utilisoft.parms.domain.P0028File"/>
    <mapping class="uk.co.utilisoft.parms.domain.package-info"/>
    <mapping class="uk.co.utilisoft.parms.domain.SerialConfiguration"/>
    <mapping class="uk.co.utilisoft.parms.domain.Sp04Data"/>
    <mapping class="uk.co.utilisoft.parms.domain.Sp04File"/>
    <mapping class="uk.co.utilisoft.parms.domain.Supplier"/>
    <mapping class="uk.co.utilisoft.parms.domain.GSPDefinition"/>
    <mapping class="uk.co.utilisoft.parms.domain.P0028FileData"/>
    <mapping class="uk.co.utilisoft.parms.domain.P0028UploadError"/>
    <mapping class="uk.co.utilisoft.parms.domain.Audit"/>
    <mapping class="uk.co.utilisoft.parms.domain.Sp04FromAFMSMpan"/>
    <mapping class="uk.co.utilisoft.parms.domain.HalfHourlyQualifyingMpansReport"/>

  </session-factory>





</hibernate-configuration>