<?xml version="1.0" encoding="UTF-8"?>

<beans xmlns="http://www.springframework.org/schema/beans"
  xmlns:xsi="http://www.w3.org/2001/XMLSchema-instance" xmlns:aop="http://www.springframework.org/schema/aop"
  xmlns:jee="http://www.springframework.org/schema/jee" xmlns:tx="http://www.springframework.org/schema/tx"
  xmlns:util="http://www.springframework.org/schema/util" xmlns:lang="http://www.springframework.org/schema/lang"
  xmlns:jms="http://www.springframework.org/schema/jms" xmlns:context="http://www.springframework.org/schema/context"
  xmlns:p="http://www.springframework.org/schema/p"
  xsi:schemaLocation="http://www.springframework.org/schema/beans
              http://www.springframework.org/schema/beans/spring-beans-2.5.xsd
              http://www.springframework.org/schema/aop
              http://www.springframework.org/schema/aop/spring-aop-2.5.xsd
              http://www.springframework.org/schema/tx
              http://www.springframework.org/schema/tx/spring-tx-2.5.xsd
              http://www.springframework.org/schema/jee
              http://www.springframework.org/schema/jee/spring-jee-2.5.xsd
              http://www.springframework.org/schema/lang
              http://www.springframework.org/schema/lang/spring-lang-2.5.xsd
              http://www.springframework.org/schema/jms
              http://www.springframework.org/schema/jms/spring-jms-2.5.xsd
              http://www.springframework.org/schema/util
              http://www.springframework.org/schema/util/spring-util-2.5.xsd
              http://www.springframework.org/schema/context
              http://www.springframework.org/schema/context/spring-context-2.5.xsd" default-autowire="byName">

  <bean id="propertyConfigurer"
    class="org.springframework.beans.factory.config.PropertyPlaceholderConfigurer">
    <property name="location">
      <value>classpath:config/test-db.properties</value>
    </property>
    <property name="properties">
      <props>
        <prop key="hibernate.dialect">default_dialect</prop>
        <prop key="hibernate.cache.use_second_level_cache">default_use_second_level_cache</prop>
        <prop key="hibernate.show_sql">default_hibernate_show_sql</prop>
        <prop key="hibernate.max_fetch_depth">default_hibernate_max_fetch_depth</prop>
        <prop key="hibernate.connection.isolation">default_hibernate_connection_isolation</prop>
        <prop key="hibernate.jdbc.batch_size">default_hibernate_jdbc_batch_size</prop>
        <prop key="hibernate.default_catalog">default_catalog</prop>
        <prop key="hibernate.default_schema">default_schema</prop>
      </props>
    </property>
    <property name="ignoreUnresolvablePlaceholders" value="true"/>
  </bean>

  <bean id="parms.data.source" class="org.apache.commons.dbcp.BasicDataSource">
    <property name="url" value="${hibernate.connection.url}" />
    <property name="driverClassName" value="${hibernate.connection.driver_class}" />
    <property name="username" value="${hibernate.connection.username}" />
    <property name="password" value="${hibernate.connection.password}" />
  </bean>

  <bean id="test.parms.database.session.factory.oracle"
    parent="parms.database.session.factory.base">
    <property name="hibernateProperties">
      <value>
        hibernate.dialect=${hibernate.dialect}
        hibernate.cache.use_second_level_cache=false
        hibernate.show_sql=${hibernate.show_sql}
        hibernate.max_fetch_depth=${hibernate.max_fetch_depth}
        hibernate.connection.isolation=${hibernate.connection.isolation}
        hibernate.jdbc.batch_size=${hibernate.jdbc.batch_size}
        hibernate.validator.autoregister_listeners=${hibernate.validator.autoregister_listeners}
        javax.persistence.validation.group.pre-persist=${javax.persistence.validation.group.pre-persist}
        javax.persistence.validation.group.pre-update=${javax.persistence.validation.group.pre-update}
        javax.persistence.validation.group.pre-remove=${javax.persistence.validation.group.pre-remove}
        hibernate.temp.use_jdbc_metadata_defaults=${hibernate.temp.use_jdbc_metadata_defaults}
      </value>
    </property>
  </bean>

  <alias name="test.parms.database.session.factory.oracle" alias="parms.database.session.factory.oracle"/>

  <bean id="test.parms.database.session.factory.sqlserver"
    parent="parms.database.session.factory.base">
    <property name="hibernateProperties">
      <value>
        hibernate.dialect=${hibernate.dialect}
        hibernate.cache.use_second_level_cache=false
        hibernate.show_sql=${hibernate.show_sql}
        hibernate.max_fetch_depth=${hibernate.max_fetch_depth}
        hibernate.connection.isolation=${hibernate.connection.isolation}
        hibernate.jdbc.batch_size=${hibernate.jdbc.batch_size}
        hibernate.default_catalog=${hibernate.default_catalog}
        hibernate.default_schema=${hibernate.default_schema}
        hibernate.validator.autoregister_listeners=${hibernate.validator.autoregister_listeners}
        javax.persistence.validation.group.pre-persist=${javax.persistence.validation.group.pre-persist}
        javax.persistence.validation.group.pre-update=${javax.persistence.validation.group.pre-update}
        javax.persistence.validation.group.pre-remove=${javax.persistence.validation.group.pre-remove}
        hibernate.temp.use_jdbc_metadata_defaults=${hibernate.temp.use_jdbc_metadata_defaults}
      </value>
    </property>
  </bean>

  <alias name="test.parms.database.session.factory.oracle" alias="test.parms.database.session.factory.oracle"/>

  <alias name="test.parms.database.session.factory.sqlserver" alias="test.parms.database.session.factory.sqlserver"/>

  <alias name="${test.parms.database.session.factory}" alias="test.parms.database.session.factory"/>

  <bean id="hibernateTemplate" name="hibernateTemplate" class="org.springframework.orm.hibernate3.HibernateTemplate"
    p:sessionFactory-ref="test.parms.database.session.factory"/>

  <bean id="test.parms.transactionManager"
    class="org.springframework.orm.hibernate3.HibernateTransactionManager"
    p:sessionFactory-ref="test.parms.database.session.factory"/>

  <bean id="test.parms.jdbcTemplate" class="org.springframework.jdbc.core.JdbcTemplate"
    p:dataSource-ref="parms.data.source" />


</beans>